{"uid":"ac025a68da911bf5","name":"CopyUrl","fullName":"org.example.OpenShareLink.CopyUrl","historyId":"52378fc3f84a69ca1cd837fcc925a4ac","time":{"start":1719998225148,"stop":1719998225151,"duration":3},"status":"skipped","statusMessage":"Cannot invoke \"org.openqa.selenium.WebDriver.findElement(org.openqa.selenium.By)\" because \"this.driver\" is null","statusTrace":"java.lang.NullPointerException: Cannot invoke \"org.openqa.selenium.WebDriver.findElement(org.openqa.selenium.By)\" because \"this.driver\" is null\r\n\tat org.example.OpenShareLink.LoginUser(OpenShareLink.java:33)\r\n\tat java.base/jdk.internal.reflect.DirectMethodHandleAccessor.invoke(DirectMethodHandleAccessor.java:104)\r\n\tat java.base/java.lang.reflect.Method.invoke(Method.java:578)\r\n\tat org.testng.internal.invokers.MethodInvocationHelper.invokeMethod(MethodInvocationHelper.java:141)\r\n\tat org.testng.internal.invokers.MethodInvocationHelper.invokeMethodConsideringTimeout(MethodInvocationHelper.java:71)\r\n\tat org.testng.internal.invokers.ConfigInvoker.invokeConfigurationMethod(ConfigInvoker.java:400)\r\n\tat org.testng.internal.invokers.ConfigInvoker.invokeConfigurations(ConfigInvoker.java:333)\r\n\tat org.testng.internal.invokers.TestInvoker.runConfigMethods(TestInvoker.java:833)\r\n\tat org.testng.internal.invokers.TestInvoker.invokeMethod(TestInvoker.java:600)\r\n\tat org.testng.internal.invokers.TestInvoker.invokeTestMethod(TestInvoker.java:230)\r\n\tat org.testng.internal.invokers.MethodRunner.runInSequence(MethodRunner.java:63)\r\n\tat org.testng.internal.invokers.TestInvoker$MethodInvocationAgent.invoke(TestInvoker.java:992)\r\n\tat org.testng.internal.invokers.TestInvoker.invokeTestMethods(TestInvoker.java:203)\r\n\tat org.testng.internal.invokers.TestMethodWorker.invokeTestMethods(TestMethodWorker.java:154)\r\n\tat org.testng.internal.invokers.TestMethodWorker.run(TestMethodWorker.java:134)\r\n\tat java.base/java.util.ArrayList.forEach(ArrayList.java:1511)\r\n\tat org.testng.TestRunner.privateRun(TestRunner.java:739)\r\n\tat org.testng.TestRunner.run(TestRunner.java:614)\r\n\tat org.testng.SuiteRunner.runTest(SuiteRunner.java:421)\r\n\tat org.testng.SuiteRunner.runSequentially(SuiteRunner.java:413)\r\n\tat org.testng.SuiteRunner.privateRun(SuiteRunner.java:373)\r\n\tat org.testng.SuiteRunner.run(SuiteRunner.java:312)\r\n\tat org.testng.SuiteRunnerWorker.runSuite(SuiteRunnerWorker.java:52)\r\n\tat org.testng.SuiteRunnerWorker.run(SuiteRunnerWorker.java:95)\r\n\tat org.testng.TestNG.runSuitesSequentially(TestNG.java:1274)\r\n\tat org.testng.TestNG.runSuitesLocally(TestNG.java:1208)\r\n\tat org.testng.TestNG.runSuites(TestNG.java:1112)\r\n\tat org.testng.TestNG.run(TestNG.java:1079)\r\n\tat com.intellij.rt.testng.IDEARemoteTestNG.run(IDEARemoteTestNG.java:66)\r\n\tat com.intellij.rt.testng.RemoteTestNGStarter.main(RemoteTestNGStarter.java:105)\r\n","flaky":false,"newFailed":false,"newBroken":false,"newPassed":false,"retriesCount":0,"retriesStatusChange":false,"beforeStages":[{"name":"LoginUser","time":{"start":1719998224853,"stop":1719998224874,"duration":21},"description":"","status":"broken","statusMessage":"Cannot invoke \"org.openqa.selenium.WebDriver.findElement(org.openqa.selenium.By)\" because \"this.driver\" is null","statusTrace":"java.lang.NullPointerException: Cannot invoke \"org.openqa.selenium.WebDriver.findElement(org.openqa.selenium.By)\" because \"this.driver\" is null\r\n\tat org.example.OpenShareLink.LoginUser(OpenShareLink.java:33)\r\n\tat java.base/jdk.internal.reflect.DirectMethodHandleAccessor.invoke(DirectMethodHandleAccessor.java:104)\r\n\tat java.base/java.lang.reflect.Method.invoke(Method.java:578)\r\n\tat org.testng.internal.invokers.MethodInvocationHelper.invokeMethod(MethodInvocationHelper.java:141)\r\n\tat org.testng.internal.invokers.MethodInvocationHelper.invokeMethodConsideringTimeout(MethodInvocationHelper.java:71)\r\n\tat org.testng.internal.invokers.ConfigInvoker.invokeConfigurationMethod(ConfigInvoker.java:400)\r\n\tat org.testng.internal.invokers.ConfigInvoker.invokeConfigurations(ConfigInvoker.java:333)\r\n\tat org.testng.internal.invokers.TestInvoker.runConfigMethods(TestInvoker.java:833)\r\n\tat org.testng.internal.invokers.TestInvoker.invokeMethod(TestInvoker.java:600)\r\n\tat org.testng.internal.invokers.TestInvoker.invokeTestMethod(TestInvoker.java:230)\r\n\tat org.testng.internal.invokers.MethodRunner.runInSequence(MethodRunner.java:63)\r\n\tat org.testng.internal.invokers.TestInvoker$MethodInvocationAgent.invoke(TestInvoker.java:992)\r\n\tat org.testng.internal.invokers.TestInvoker.invokeTestMethods(TestInvoker.java:203)\r\n\tat org.testng.internal.invokers.TestMethodWorker.invokeTestMethods(TestMethodWorker.java:154)\r\n\tat org.testng.internal.invokers.TestMethodWorker.run(TestMethodWorker.java:134)\r\n\tat java.base/java.util.ArrayList.forEach(ArrayList.java:1511)\r\n\tat org.testng.TestRunner.privateRun(TestRunner.java:739)\r\n\tat org.testng.TestRunner.run(TestRunner.java:614)\r\n\tat org.testng.SuiteRunner.runTest(SuiteRunner.java:421)\r\n\tat org.testng.SuiteRunner.runSequentially(SuiteRunner.java:413)\r\n\tat org.testng.SuiteRunner.privateRun(SuiteRunner.java:373)\r\n\tat org.testng.SuiteRunner.run(SuiteRunner.java:312)\r\n\tat org.testng.SuiteRunnerWorker.runSuite(SuiteRunnerWorker.java:52)\r\n\tat org.testng.SuiteRunnerWorker.run(SuiteRunnerWorker.java:95)\r\n\tat org.testng.TestNG.runSuitesSequentially(TestNG.java:1274)\r\n\tat org.testng.TestNG.runSuitesLocally(TestNG.java:1208)\r\n\tat org.testng.TestNG.runSuites(TestNG.java:1112)\r\n\tat org.testng.TestNG.run(TestNG.java:1079)\r\n\tat com.intellij.rt.testng.IDEARemoteTestNG.run(IDEARemoteTestNG.java:66)\r\n\tat com.intellij.rt.testng.RemoteTestNGStarter.main(RemoteTestNGStarter.java:105)\r\n","steps":[],"attachments":[],"parameters":[],"shouldDisplayMessage":true,"stepsCount":0,"hasContent":true,"attachmentStep":false,"attachmentsCount":0},{"name":"setUp","time":{"start":1719998225138,"stop":1719998225139,"duration":1},"description":"","status":"broken","steps":[],"attachments":[],"parameters":[],"shouldDisplayMessage":false,"stepsCount":0,"hasContent":false,"attachmentStep":false,"attachmentsCount":0}],"afterStages":[{"name":"tearDown","time":{"start":1719998225162,"stop":1719998225163,"duration":1},"description":"","status":"broken","steps":[],"attachments":[],"parameters":[],"shouldDisplayMessage":false,"stepsCount":0,"hasContent":false,"attachmentStep":false,"attachmentsCount":0}],"labels":[{"name":"package","value":"org.example.OpenShareLink"},{"name":"testClass","value":"org.example.OpenShareLink"},{"name":"testMethod","value":"CopyUrl"},{"name":"parentSuite","value":"All Test Suite"},{"name":"suite","value":"C:/Users/Neha Rana/IdeaProjects/SeleniumSkwadProject"},{"name":"subSuite","value":"org.example.OpenShareLink"},{"name":"host","value":"DESKTOP-T9JO4QB"},{"name":"thread","value":"5184@DESKTOP-T9JO4QB.main(1)"},{"name":"framework","value":"testng"},{"name":"language","value":"java"},{"name":"resultFormat","value":"allure2"}],"parameters":[],"links":[],"hidden":true,"retry":true,"extra":{"categories":[],"tags":[]},"source":"ac025a68da911bf5.json","parameterValues":[]}